<?xml version="1.0" encoding="UTF-8"?>
<!-- Generated by org.testng.reporters.JUnitReportReporter -->
<testsuite hostname="Kabwes-MBP" failures="0" tests="2" name="testcases.TC001_AccountRegistrationTest" time="3.661" errors="0" timestamp="2025-02-08T20:25:47 EST" skipped="0">
  <testcase classname="testcases.TC001_AccountRegistrationTest" name="verify_account_regis" time="1.881"/>
  <system-out/>
  <testcase classname="testcases.TC001_AccountRegistrationTest" name="verify_account_regis" time="1.780"/>
  <system-out/>
</testsuite> <!-- testcases.TC001_AccountRegistrationTest -->
