<?xml version="1.0" encoding="UTF-8"?>
<!-- Generated by org.testng.reporters.JUnitReportReporter -->
<testsuite hostname="Kabwes-MBP.attlocal.net" failures="0" tests="2" name="testcases.TC001_AccountRegistrationTest" time="4.508" errors="0" timestamp="2025-01-20T22:41:42 CST" skipped="0">
  <testcase classname="testcases.TC001_AccountRegistrationTest" name="verify_account_regis" time="2.779"/>
  <system-out/>
  <testcase classname="testcases.TC001_AccountRegistrationTest" name="verify_account_regis" time="1.729"/>
  <system-out/>
</testsuite> <!-- testcases.TC001_AccountRegistrationTest -->
