<?xml version="1.0" encoding="UTF-8"?>
<!-- Generated by org.testng.reporters.JUnitReportReporter -->
<testsuite hostname="Kabwes-MBP" failures="0" tests="2" name="testcases.TC002_LoginTest" time="2.574" errors="0" timestamp="2025-02-08T20:08:12 EST" skipped="0">
  <testcase classname="testcases.TC002_LoginTest" name="verify_Login" time="1.010"/>
  <system-out/>
  <testcase classname="testcases.TC002_LoginTest" name="verify_Login" time="1.564"/>
  <system-out/>
</testsuite> <!-- testcases.TC002_LoginTest -->
