<?xml version="1.0" encoding="UTF-8"?>
<!-- Generated by org.testng.reporters.JUnitReportReporter -->
<testsuite hostname="Kabwes-MBP.attlocal.net" failures="0" tests="2" name="testcases.TC002_loginTest" time="1.841" errors="0" timestamp="2025-01-21T15:18:47 CST" skipped="0">
  <testcase classname="testcases.TC002_loginTest" name="verify_Login" time="1.090"/>
  <system-out/>
  <testcase classname="testcases.TC002_loginTest" name="verify_Login" time="0.751"/>
  <system-out/>
</testsuite> <!-- testcases.TC002_loginTest -->
