<?xml version="1.0" encoding="UTF-8"?>
<!-- Generated by org.testng.reporters.JUnitReportReporter -->
<testsuite hostname="Kabwes-MBP.attlocal.net" failures="0" tests="2" name="testcases.TC002_loginTest" time="1.844" errors="0" timestamp="2025-01-20T23:30:23 CST" skipped="0">
  <testcase classname="testcases.TC002_loginTest" name="verify_Login" time="0.737"/>
  <system-out/>
  <testcase classname="testcases.TC002_loginTest" name="verify_Login" time="1.107"/>
  <system-out/>
</testsuite> <!-- testcases.TC002_loginTest -->
