<?xml version="1.0" encoding="UTF-8"?>
<!-- Generated by org.testng.reporters.JUnitReportReporter -->
<testsuite hostname="Kabwes-MBP.attlocal.net" failures="0" tests="1" name="testcases.AccountRegistrationTest" time="1.040" errors="0" timestamp="2024-12-29T18:51:11 CST" skipped="0">
  <testcase classname="testcases.AccountRegistrationTest" name="testing" time="1.040"/>
  <system-out/>
</testsuite> <!-- testcases.AccountRegistrationTest -->
