<?xml version="1.0" encoding="UTF-8"?>
<!-- Generated by org.testng.reporters.JUnitReportReporter -->
<testsuite hostname="Kabwes-MBP.attlocal.net" failures="0" tests="1" name="testcases.TC001_AccountRegistrationTest" time="1.120" errors="0" timestamp="2025-01-18T21:07:10 CST" skipped="0">
  <testcase classname="testcases.TC001_AccountRegistrationTest" name="verify_account_regis" time="1.120"/>
  <system-out/>
</testsuite> <!-- testcases.TC001_AccountRegistrationTest -->
