<?xml version="1.0" encoding="UTF-8"?>
<!-- Generated by org.testng.reporters.JUnitReportReporter -->
<testsuite hostname="Kabwes-MBP.attlocal.net" failures="0" tests="2" name="testcases.TC002_loginTest" time="2.568" errors="0" timestamp="2025-01-21T15:21:47 CST" skipped="0">
  <testcase classname="testcases.TC002_loginTest" name="verify_Login" time="1.391"/>
  <system-out/>
  <testcase classname="testcases.TC002_loginTest" name="verify_Login" time="1.177"/>
  <system-out/>
</testsuite> <!-- testcases.TC002_loginTest -->
