<?xml version="1.0" encoding="UTF-8"?>
<!-- Generated by org.testng.reporters.JUnitReportReporter -->
<testsuite hostname="Kabwes-MBP" failures="0" tests="2" name="testcases.TC001_AccountRegistrationTest" time="3.207" errors="0" timestamp="2025-02-08T22:40:28 EST" skipped="0">
  <testcase classname="testcases.TC001_AccountRegistrationTest" name="verify_account_regis" time="1.634"/>
  <system-out/>
  <testcase classname="testcases.TC001_AccountRegistrationTest" name="verify_account_regis" time="1.573"/>
  <system-out/>
</testsuite> <!-- testcases.TC001_AccountRegistrationTest -->
